<?xml version="1.0" encoding="UTF-8"?>
<testsuite xmlns:xsi="http://www.w3.org/2001/XMLSchema-instance" xsi:noNamespaceSchemaLocation="https://maven.apache.org/surefire/maven-surefire-plugin/xsd/surefire-test-report-3.0.xsd" version="3.0" name="Tests" time="0.182" tests="15" errors="0" skipped="0" failures="0">
  <properties>
[...]
</properties>
  <testcase name="insertionTest1" classname="Tests" time="0.058">
    <system-out><![CDATA[Time taken: 0ms
]]></system-out>
  </testcase>
  <testcase name="insertionTest2" classname="Tests" time="0.002">
    <system-out><![CDATA[Time taken: 0ms
]]></system-out>
  </testcase>
  <testcase name="insertionTest3" classname="Tests" time="0.004">
    <system-out><![CDATA[Time taken: 0ms
]]></system-out>
  </testcase>
  <testcase name="insertionTest4" classname="Tests" time="0.001">
    <system-out><![CDATA[Time taken: 0ms
]]></system-out>
  </testcase>
  <testcase name="insertionTest5" classname="Tests" time="0.002">
    <system-out><![CDATA[Time taken: 0ms
]]></system-out>
  </testcase>
  <testcase name="insertionTest6" classname="Tests" time="0.003">
    <system-out><![CDATA[Time taken: 0ms
]]></system-out>
  </testcase>
  <testcase name="insertionTest7" classname="Tests" time="0.0">
    <system-out><![CDATA[Time taken: 0ms
]]></system-out>
  </testcase>
  <testcase name="insertionTest8" classname="Tests" time="0.005">
    <system-out><![CDATA[Time taken: 0ms
]]></system-out>
  </testcase>
  <testcase name="insertionTest9" classname="Tests" time="0.002">
    <system-out><![CDATA[Time taken: 0ms
]]></system-out>
  </testcase>
  <testcase name="insertionTest10" classname="Tests" time="0.0">
    <system-out><![CDATA[Time taken: 0ms
]]></system-out>
  </testcase>
  <testcase name="insertionTest11" classname="Tests" time="0.005">
    <system-out><![CDATA[Time taken: 0ms
]]></system-out>
  </testcase>
  <testcase name="insertionTest12" classname="Tests" time="0.009">
    <system-out><![CDATA[Time taken: 0ms
]]></system-out>
  </testcase>
  <testcase name="insertionTest13" classname="Tests" time="0.003">
    <system-out><![CDATA[Time taken: 0ms
]]></system-out>
  </testcase>
  <testcase name="insertionTest14" classname="Tests" time="0.0">
    <system-out><![CDATA[Time taken: 0ms
]]></system-out>
  </testcase>
  <testcase name="insertionTest15" classname="Tests" time="0.002">
    <system-out><![CDATA[Time taken: 0ms
]]></system-out>
  </testcase>
</testsuite>